


ARM Macro Assembler    Page 1 


    1 00000000                 AREA             Signal, DATA, READONLY
    2 00000000                 export           LeSignal
    3 00000000         LeSignal
    4 00000000 FF 0F           DCW              0x0fff      ;  0 4095  0.99976
    5 00000002 A8 0D           DCW              0x0da8      ;  1 3496  0.85352
    6 00000004 00 08           DCW              0x0800      ;  2 2048  0.50000
    7 00000006 58 02           DCW              0x0258      ;  3  600  0.14648
    8 00000008 00 00           DCW              0x0000      ;  4    0  0.00000
    9 0000000A 58 02           DCW              0x0258      ;  5  600  0.14648
   10 0000000C 00 08           DCW              0x0800      ;  6 2048  0.50000
   11 0000000E A8 0D           DCW              0x0da8      ;  7 3496  0.85352
   12 00000010 FF 0F           DCW              0x0fff      ;  8 4095  0.99976
   13 00000012 A8 0D           DCW              0x0da8      ;  9 3496  0.85352
   14 00000014 00 08           DCW              0x0800      ; 10 2048  0.50000
   15 00000016 58 02           DCW              0x0258      ; 11  600  0.14648
   16 00000018 00 00           DCW              0x0000      ; 12    0  0.00000
   17 0000001A 58 02           DCW              0x0258      ; 13  600  0.14648
   18 0000001C 00 08           DCW              0x0800      ; 14 2048  0.50000
   19 0000001E A8 0D           DCW              0x0da8      ; 15 3496  0.85352
   20 00000020 FF 0F           DCW              0x0fff      ; 16 4095  0.99976
   21 00000022 A8 0D           DCW              0x0da8      ; 17 3496  0.85352
   22 00000024 00 08           DCW              0x0800      ; 18 2048  0.50000
   23 00000026 58 02           DCW              0x0258      ; 19  600  0.14648
   24 00000028 00 00           DCW              0x0000      ; 20    0  0.00000
   25 0000002A 58 02           DCW              0x0258      ; 21  600  0.14648
   26 0000002C 00 08           DCW              0x0800      ; 22 2048  0.50000
   27 0000002E A8 0D           DCW              0x0da8      ; 23 3496  0.85352
   28 00000030 FF 0F           DCW              0x0fff      ; 24 4095  0.99976
   29 00000032 A8 0D           DCW              0x0da8      ; 25 3496  0.85352
   30 00000034 00 08           DCW              0x0800      ; 26 2048  0.50000
   31 00000036 58 02           DCW              0x0258      ; 27  600  0.14648
   32 00000038 00 00           DCW              0x0000      ; 28    0  0.00000
   33 0000003A 58 02           DCW              0x0258      ; 29  600  0.14648
   34 0000003C 00 08           DCW              0x0800      ; 30 2048  0.50000
   35 0000003E A8 0D           DCW              0x0da8      ; 31 3496  0.85352
   36 00000040 FF 0F           DCW              0x0fff      ; 32 4095  0.99976
   37 00000042 A8 0D           DCW              0x0da8      ; 33 3496  0.85352
   38 00000044 00 08           DCW              0x0800      ; 34 2048  0.50000
   39 00000046 58 02           DCW              0x0258      ; 35  600  0.14648
   40 00000048 00 00           DCW              0x0000      ; 36    0  0.00000
   41 0000004A 58 02           DCW              0x0258      ; 37  600  0.14648
   42 0000004C 00 08           DCW              0x0800      ; 38 2048  0.50000
   43 0000004E A8 0D           DCW              0x0da8      ; 39 3496  0.85352
   44 00000050 FF 0F           DCW              0x0fff      ; 40 4095  0.99976
   45 00000052 A8 0D           DCW              0x0da8      ; 41 3496  0.85352
   46 00000054 00 08           DCW              0x0800      ; 42 2048  0.50000
   47 00000056 58 02           DCW              0x0258      ; 43  600  0.14648
   48 00000058 00 00           DCW              0x0000      ; 44    0  0.00000
   49 0000005A 58 02           DCW              0x0258      ; 45  600  0.14648
   50 0000005C 00 08           DCW              0x0800      ; 46 2048  0.50000
   51 0000005E A8 0D           DCW              0x0da8      ; 47 3496  0.85352
   52 00000060 FF 0F           DCW              0x0fff      ; 48 4095  0.99976
   53 00000062 A8 0D           DCW              0x0da8      ; 49 3496  0.85352
   54 00000064 00 08           DCW              0x0800      ; 50 2048  0.50000
   55 00000066 58 02           DCW              0x0258      ; 51  600  0.14648
   56 00000068 00 00           DCW              0x0000      ; 52    0  0.00000
   57 0000006A 58 02           DCW              0x0258      ; 53  600  0.14648
   58 0000006C 00 08           DCW              0x0800      ; 54 2048  0.50000
   59 0000006E A8 0D           DCW              0x0da8      ; 55 3496  0.85352



ARM Macro Assembler    Page 2 


   60 00000070 FF 0F           DCW              0x0fff      ; 56 4095  0.99976
   61 00000072 A8 0D           DCW              0x0da8      ; 57 3496  0.85352
   62 00000074 00 08           DCW              0x0800      ; 58 2048  0.50000
   63 00000076 58 02           DCW              0x0258      ; 59  600  0.14648
   64 00000078 00 00           DCW              0x0000      ; 60    0  0.00000
   65 0000007A 58 02           DCW              0x0258      ; 61  600  0.14648
   66 0000007C 00 08           DCW              0x0800      ; 62 2048  0.50000
   67 0000007E A8 0D           DCW              0x0da8      ; 63 3496  0.85352
   68 00000080                 END
Command Line: --debug --xref --cpu=Cortex-M3 --apcs=interwork --depend=Signal.d
 -oSignal.o -IC:\Keil\ARM\RV31\INC -IC:\Keil\ARM\CMSIS\Include -IC:\Keil\ARM\In
c\ST\STM32F10x --predefine="__EVAL SETA 1" --predefine="__MICROLIB SETA 1" --li
st=Signal.lst Signal.asm



ARM Macro Assembler    Page 1 Alphabetic symbol ordering
Relocatable symbols

LeSignal 00000000

Symbol: LeSignal
   Definitions
      At line 3 in file Signal.asm
   Uses
      At line 2 in file Signal.asm
Comment: LeSignal used once
Signal 00000000

Symbol: Signal
   Definitions
      At line 1 in file Signal.asm
   Uses
      None
Comment: Signal unused
2 symbols
334 symbols in table
