


ARM Macro Assembler    Page 1 


    1 00000000                 AREA             Signal, DATA, READONLY
    2 00000000                 export           TabSig
    3 00000000         ; fonction cosinus, frequence relative 17, phase 60 degr
                       es, amplitude max
    4 00000000         ; valeurs attendues pour k = 17 :
    5 00000000         ; Re 0x3FFF979A env 0.5 * 2^30  ( cos(60 degres) = 0.5 )
                       
    6 00000000         ; Im 0x9124ECEA env 0.866 * 2^30 ( sin(60 degres) = sqrt
                       (3/2) )
    7 00000000         ; M2 0x4000CBAD env 2^30
    8 00000000         ; pour k != 17 et k != 47 (47=64-17)
    9 00000000         ; M2    < 0x0000000F
   10 00000000         
   11 00000000         TabSig
   12 00000000 00 0C           dcw              0x0c00      ;  0   3072  0.7500
                                                            0
   13 00000002 B7 00           dcw              0x00b7      ;  1    183  0.0446
                                                            8
   14 00000004 6E 05           dcw              0x056e      ;  2   1390  0.3393
                                                            6
   15 00000006 CB 0F           dcw              0x0fcb      ;  3   4043  0.9870
                                                            6
   16 00000008 0B 09           dcw              0x090b      ;  4   2315  0.5651
                                                            9
   17 0000000A 01 00           dcw              0x0001      ;  5      1  0.0002
                                                            4
   18 0000000C 86 08           dcw              0x0886      ;  6   2182  0.5327
                                                            1
   19 0000000E E5 0F           dcw              0x0fe5      ;  7   4069  0.9934
                                                            1
   20 00000010 EE 05           dcw              0x05ee      ;  8   1518  0.3706
                                                            1
   21 00000012 83 00           dcw              0x0083      ;  9    131  0.0319
                                                            8
   22 00000014 8A 0B           dcw              0x0b8a      ; 10   2954  0.7211
                                                            9
   23 00000016 CB 0E           dcw              0x0ecb      ; 11   3787  0.9245
                                                            6
   24 00000018 21 03           dcw              0x0321      ; 12    801  0.1955
                                                            6
   25 0000001A 29 02           dcw              0x0229      ; 13    553  0.1350
                                                            1
   26 0000001C 04 0E           dcw              0x0e04      ; 14   3588  0.8759
                                                            8
   27 0000001E A9 0C           dcw              0x0ca9      ; 15   3241  0.7912
                                                            6
   28 00000020 12 01           dcw              0x0112      ; 16    274  0.0668
                                                            9
   29 00000022 B3 04           dcw              0x04b3      ; 17   1203  0.2937
                                                            0
   30 00000024 93 0F           dcw              0x0f93      ; 18   3987  0.9733
                                                            9
   31 00000026 D1 09           dcw              0x09d1      ; 19   2513  0.6135
                                                            3
   32 00000028 12 00           dcw              0x0012      ; 20     18  0.0043
                                                            9
   33 0000002A BD 07           dcw              0x07bd      ; 21   1981  0.4836
                                                            4
   34 0000002C FC 0F           dcw              0x0ffc      ; 22   4092  0.9990



ARM Macro Assembler    Page 2 


                                                            2
   35 0000002E B2 06           dcw              0x06b2      ; 23   1714  0.4184
                                                            6
   36 00000030 46 00           dcw              0x0046      ; 24     70  0.0170
                                                            9
   37 00000032 D1 0A           dcw              0x0ad1      ; 25   2769  0.6760
                                                            3
   38 00000034 2D 0F           dcw              0x0f2d      ; 26   3885  0.9484
                                                            9
   39 00000036 C7 03           dcw              0x03c7      ; 27    967  0.2360
                                                            8
   40 00000038 A7 01           dcw              0x01a7      ; 28    423  0.1032
                                                            7
   41 0000003A 78 0D           dcw              0x0d78      ; 29   3448  0.8418
                                                            0
   42 0000003C 46 0D           dcw              0x0d46      ; 30   3398  0.8295
                                                            9
   43 0000003E 7F 01           dcw              0x017f      ; 31    383  0.0935
                                                            1
   44 00000040 00 04           dcw              0x0400      ; 32   1024  0.2500
                                                            0
   45 00000042 49 0F           dcw              0x0f49      ; 33   3913  0.9553
                                                            2
   46 00000044 92 0A           dcw              0x0a92      ; 34   2706  0.6606
                                                            4
   47 00000046 35 00           dcw              0x0035      ; 35     53  0.0129
                                                            4
   48 00000048 F5 06           dcw              0x06f5      ; 36   1781  0.4348
                                                            1
   49 0000004A FF 0F           dcw              0x0fff      ; 37   4095  0.9997
                                                            6
   50 0000004C 7A 07           dcw              0x077a      ; 38   1914  0.4672
                                                            9
   51 0000004E 1B 00           dcw              0x001b      ; 39     27  0.0065
                                                            9
   52 00000050 12 0A           dcw              0x0a12      ; 40   2578  0.6293
                                                            9
   53 00000052 7D 0F           dcw              0x0f7d      ; 41   3965  0.9680
                                                            2
   54 00000054 76 04           dcw              0x0476      ; 42   1142  0.2788
                                                            1
   55 00000056 35 01           dcw              0x0135      ; 43    309  0.0754
                                                            4
   56 00000058 DF 0C           dcw              0x0cdf      ; 44   3295  0.8044
                                                            4
   57 0000005A D7 0D           dcw              0x0dd7      ; 45   3543  0.8649
                                                            9
   58 0000005C FC 01           dcw              0x01fc      ; 46    508  0.1240
                                                            2
   59 0000005E 57 03           dcw              0x0357      ; 47    855  0.2087
                                                            4
   60 00000060 EE 0E           dcw              0x0eee      ; 48   3822  0.9331
                                                            1
   61 00000062 4D 0B           dcw              0x0b4d      ; 49   2893  0.7063
                                                            0
   62 00000064 6D 00           dcw              0x006d      ; 50    109  0.0266
                                                            1
   63 00000066 2F 06           dcw              0x062f      ; 51   1583  0.3864
                                                            7



ARM Macro Assembler    Page 3 


   64 00000068 EE 0F           dcw              0x0fee      ; 52   4078  0.9956
                                                            1
   65 0000006A 43 08           dcw              0x0843      ; 53   2115  0.5163
                                                            6
   66 0000006C 04 00           dcw              0x0004      ; 54      4  0.0009
                                                            8
   67 0000006E 4E 09           dcw              0x094e      ; 55   2382  0.5815
                                                            4
   68 00000070 BA 0F           dcw              0x0fba      ; 56   4026  0.9829
                                                            1
   69 00000072 2F 05           dcw              0x052f      ; 57   1327  0.3239
                                                            7
   70 00000074 D3 00           dcw              0x00d3      ; 58    211  0.0515
                                                            1
   71 00000076 39 0C           dcw              0x0c39      ; 59   3129  0.7639
                                                            2
   72 00000078 59 0E           dcw              0x0e59      ; 60   3673  0.8967
                                                            3
   73 0000007A 88 02           dcw              0x0288      ; 61    648  0.1582
                                                            0
   74 0000007C BA 02           dcw              0x02ba      ; 62    698  0.1704
                                                            1
   75 0000007E 81 0E           dcw              0x0e81      ; 63   3713  0.9064
                                                            9
   76 00000080                 end
Command Line: --debug --xref --cpu=Cortex-M3 --apcs=interwork --depend=t04f17p6
0.d -ot04f17p60.o -IC:\Keil\ARM\RV31\INC -IC:\Keil\ARM\CMSIS\Include -IC:\Keil\
ARM\Inc\ST\STM32F10x --predefine="__EVAL SETA 1" --predefine="__MICROLIB SETA 1
" --list=t04f17p60.lst t04f17p60.asm



ARM Macro Assembler    Page 1 Alphabetic symbol ordering
Relocatable symbols

Signal 00000000

Symbol: Signal
   Definitions
      At line 1 in file t04f17p60.asm
   Uses
      None
Comment: Signal unused
TabSig 00000000

Symbol: TabSig
   Definitions
      At line 11 in file t04f17p60.asm
   Uses
      At line 2 in file t04f17p60.asm
Comment: TabSig used once
2 symbols
334 symbols in table
