


ARM Macro Assembler    Page 1 


    1 00000000                 AREA             Trigo, DATA, READONLY
    2 00000000                 export           TabSin
    3 00000000                 export           TabCos
    4 00000000         
    5 00000000         TabCos
    6 00000000 FF 7F           DCW              32767       ;  0 0x7fff  0.9999
                                                            7
    7 00000002 62 7F           DCW              32610       ;  1 0x7f62  0.9951
                                                            8
    8 00000004 8A 7D           DCW              32138       ;  2 0x7d8a  0.9807
                                                            7
    9 00000006 7D 7A           DCW              31357       ;  3 0x7a7d  0.9569
                                                            4
   10 00000008 42 76           DCW              30274       ;  4 0x7642  0.9238
                                                            9
   11 0000000A E3 70           DCW              28899       ;  5 0x70e3  0.8819
                                                            3
   12 0000000C 6E 6A           DCW              27246       ;  6 0x6a6e  0.8314
                                                            8
   13 0000000E F2 62           DCW              25330       ;  7 0x62f2  0.7730
                                                            1
   14 00000010 82 5A           DCW              23170       ;  8 0x5a82  0.7070
                                                            9
   15 00000012 34 51           DCW              20788       ;  9 0x5134  0.6344
                                                            0
   16 00000014 1D 47           DCW              18205       ; 10 0x471d  0.5555
                                                            7
   17 00000016 57 3C           DCW              15447       ; 11 0x3c57  0.4714
                                                            1
   18 00000018 FC 30           DCW              12540       ; 12 0x30fc  0.3826
                                                            9
   19 0000001A 28 25           DCW              9512        ; 13 0x2528  0.2902
                                                            8
   20 0000001C F9 18           DCW              6393        ; 14 0x18f9  0.1951
                                                            0
   21 0000001E 8C 0C           DCW              3212        ; 15 0x0c8c  0.0980
                                                            2
   22 00000020 00 00           DCW              0           ; 16 0x0000  0.0000
                                                            0
   23 00000022 74 F3           DCW              -3212       ; 17 0xf374 -0.0980
                                                            2
   24 00000024 07 E7           DCW              -6393       ; 18 0xe707 -0.1951
                                                            0
   25 00000026 D8 DA           DCW              -9512       ; 19 0xdad8 -0.2902
                                                            8
   26 00000028 04 CF           DCW              -12540      ; 20 0xcf04 -0.3826
                                                            9
   27 0000002A A9 C3           DCW              -15447      ; 21 0xc3a9 -0.4714
                                                            1
   28 0000002C E3 B8           DCW              -18205      ; 22 0xb8e3 -0.5555
                                                            7
   29 0000002E CC AE           DCW              -20788      ; 23 0xaecc -0.6344
                                                            0
   30 00000030 7E A5           DCW              -23170      ; 24 0xa57e -0.7070
                                                            9
   31 00000032 0E 9D           DCW              -25330      ; 25 0x9d0e -0.7730
                                                            1
   32 00000034 92 95           DCW              -27246      ; 26 0x9592 -0.8314
                                                            8



ARM Macro Assembler    Page 2 


   33 00000036 1D 8F           DCW              -28899      ; 27 0x8f1d -0.8819
                                                            3
   34 00000038 BE 89           DCW              -30274      ; 28 0x89be -0.9238
                                                            9
   35 0000003A 83 85           DCW              -31357      ; 29 0x8583 -0.9569
                                                            4
   36 0000003C 76 82           DCW              -32138      ; 30 0x8276 -0.9807
                                                            7
   37 0000003E 9E 80           DCW              -32610      ; 31 0x809e -0.9951
                                                            8
   38 00000040 00 80           DCW              -32768      ; 32 0x8000 -1.0000
                                                            0
   39 00000042 9E 80           DCW              -32610      ; 33 0x809e -0.9951
                                                            8
   40 00000044 76 82           DCW              -32138      ; 34 0x8276 -0.9807
                                                            7
   41 00000046 83 85           DCW              -31357      ; 35 0x8583 -0.9569
                                                            4
   42 00000048 BE 89           DCW              -30274      ; 36 0x89be -0.9238
                                                            9
   43 0000004A 1D 8F           DCW              -28899      ; 37 0x8f1d -0.8819
                                                            3
   44 0000004C 92 95           DCW              -27246      ; 38 0x9592 -0.8314
                                                            8
   45 0000004E 0E 9D           DCW              -25330      ; 39 0x9d0e -0.7730
                                                            1
   46 00000050 7E A5           DCW              -23170      ; 40 0xa57e -0.7070
                                                            9
   47 00000052 CC AE           DCW              -20788      ; 41 0xaecc -0.6344
                                                            0
   48 00000054 E3 B8           DCW              -18205      ; 42 0xb8e3 -0.5555
                                                            7
   49 00000056 A9 C3           DCW              -15447      ; 43 0xc3a9 -0.4714
                                                            1
   50 00000058 04 CF           DCW              -12540      ; 44 0xcf04 -0.3826
                                                            9
   51 0000005A D8 DA           DCW              -9512       ; 45 0xdad8 -0.2902
                                                            8
   52 0000005C 07 E7           DCW              -6393       ; 46 0xe707 -0.1951
                                                            0
   53 0000005E 74 F3           DCW              -3212       ; 47 0xf374 -0.0980
                                                            2
   54 00000060 00 00           DCW              0           ; 48 0x0000  0.0000
                                                            0
   55 00000062 8C 0C           DCW              3212        ; 49 0x0c8c  0.0980
                                                            2
   56 00000064 F9 18           DCW              6393        ; 50 0x18f9  0.1951
                                                            0
   57 00000066 28 25           DCW              9512        ; 51 0x2528  0.2902
                                                            8
   58 00000068 FC 30           DCW              12540       ; 52 0x30fc  0.3826
                                                            9
   59 0000006A 57 3C           DCW              15447       ; 53 0x3c57  0.4714
                                                            1
   60 0000006C 1D 47           DCW              18205       ; 54 0x471d  0.5555
                                                            7
   61 0000006E 34 51           DCW              20788       ; 55 0x5134  0.6344
                                                            0
   62 00000070 82 5A           DCW              23170       ; 56 0x5a82  0.7070



ARM Macro Assembler    Page 3 


                                                            9
   63 00000072 F2 62           DCW              25330       ; 57 0x62f2  0.7730
                                                            1
   64 00000074 6E 6A           DCW              27246       ; 58 0x6a6e  0.8314
                                                            8
   65 00000076 E3 70           DCW              28899       ; 59 0x70e3  0.8819
                                                            3
   66 00000078 42 76           DCW              30274       ; 60 0x7642  0.9238
                                                            9
   67 0000007A 7D 7A           DCW              31357       ; 61 0x7a7d  0.9569
                                                            4
   68 0000007C 8A 7D           DCW              32138       ; 62 0x7d8a  0.9807
                                                            7
   69 0000007E 62 7F           DCW              32610       ; 63 0x7f62  0.9951
                                                            8
   70 00000080         TabSin
   71 00000080 00 00           DCW              0           ;  0 0x0000  0.0000
                                                            0
   72 00000082 8C 0C           DCW              3212        ;  1 0x0c8c  0.0980
                                                            2
   73 00000084 F9 18           DCW              6393        ;  2 0x18f9  0.1951
                                                            0
   74 00000086 28 25           DCW              9512        ;  3 0x2528  0.2902
                                                            8
   75 00000088 FC 30           DCW              12540       ;  4 0x30fc  0.3826
                                                            9
   76 0000008A 57 3C           DCW              15447       ;  5 0x3c57  0.4714
                                                            1
   77 0000008C 1D 47           DCW              18205       ;  6 0x471d  0.5555
                                                            7
   78 0000008E 34 51           DCW              20788       ;  7 0x5134  0.6344
                                                            0
   79 00000090 82 5A           DCW              23170       ;  8 0x5a82  0.7070
                                                            9
   80 00000092 F2 62           DCW              25330       ;  9 0x62f2  0.7730
                                                            1
   81 00000094 6E 6A           DCW              27246       ; 10 0x6a6e  0.8314
                                                            8
   82 00000096 E3 70           DCW              28899       ; 11 0x70e3  0.8819
                                                            3
   83 00000098 42 76           DCW              30274       ; 12 0x7642  0.9238
                                                            9
   84 0000009A 7D 7A           DCW              31357       ; 13 0x7a7d  0.9569
                                                            4
   85 0000009C 8A 7D           DCW              32138       ; 14 0x7d8a  0.9807
                                                            7
   86 0000009E 62 7F           DCW              32610       ; 15 0x7f62  0.9951
                                                            8
   87 000000A0 FF 7F           DCW              32767       ; 16 0x7fff  0.9999
                                                            7
   88 000000A2 62 7F           DCW              32610       ; 17 0x7f62  0.9951
                                                            8
   89 000000A4 8A 7D           DCW              32138       ; 18 0x7d8a  0.9807
                                                            7
   90 000000A6 7D 7A           DCW              31357       ; 19 0x7a7d  0.9569
                                                            4
   91 000000A8 42 76           DCW              30274       ; 20 0x7642  0.9238
                                                            9
   92 000000AA E3 70           DCW              28899       ; 21 0x70e3  0.8819



ARM Macro Assembler    Page 4 


                                                            3
   93 000000AC 6E 6A           DCW              27246       ; 22 0x6a6e  0.8314
                                                            8
   94 000000AE F2 62           DCW              25330       ; 23 0x62f2  0.7730
                                                            1
   95 000000B0 82 5A           DCW              23170       ; 24 0x5a82  0.7070
                                                            9
   96 000000B2 34 51           DCW              20788       ; 25 0x5134  0.6344
                                                            0
   97 000000B4 1D 47           DCW              18205       ; 26 0x471d  0.5555
                                                            7
   98 000000B6 57 3C           DCW              15447       ; 27 0x3c57  0.4714
                                                            1
   99 000000B8 FC 30           DCW              12540       ; 28 0x30fc  0.3826
                                                            9
  100 000000BA 28 25           DCW              9512        ; 29 0x2528  0.2902
                                                            8
  101 000000BC F9 18           DCW              6393        ; 30 0x18f9  0.1951
                                                            0
  102 000000BE 8C 0C           DCW              3212        ; 31 0x0c8c  0.0980
                                                            2
  103 000000C0 00 00           DCW              0           ; 32 0x0000  0.0000
                                                            0
  104 000000C2 74 F3           DCW              -3212       ; 33 0xf374 -0.0980
                                                            2
  105 000000C4 07 E7           DCW              -6393       ; 34 0xe707 -0.1951
                                                            0
  106 000000C6 D8 DA           DCW              -9512       ; 35 0xdad8 -0.2902
                                                            8
  107 000000C8 04 CF           DCW              -12540      ; 36 0xcf04 -0.3826
                                                            9
  108 000000CA A9 C3           DCW              -15447      ; 37 0xc3a9 -0.4714
                                                            1
  109 000000CC E3 B8           DCW              -18205      ; 38 0xb8e3 -0.5555
                                                            7
  110 000000CE CC AE           DCW              -20788      ; 39 0xaecc -0.6344
                                                            0
  111 000000D0 7E A5           DCW              -23170      ; 40 0xa57e -0.7070
                                                            9
  112 000000D2 0E 9D           DCW              -25330      ; 41 0x9d0e -0.7730
                                                            1
  113 000000D4 92 95           DCW              -27246      ; 42 0x9592 -0.8314
                                                            8
  114 000000D6 1D 8F           DCW              -28899      ; 43 0x8f1d -0.8819
                                                            3
  115 000000D8 BE 89           DCW              -30274      ; 44 0x89be -0.9238
                                                            9
  116 000000DA 83 85           DCW              -31357      ; 45 0x8583 -0.9569
                                                            4
  117 000000DC 76 82           DCW              -32138      ; 46 0x8276 -0.9807
                                                            7
  118 000000DE 9E 80           DCW              -32610      ; 47 0x809e -0.9951
                                                            8
  119 000000E0 00 80           DCW              -32768      ; 48 0x8000 -1.0000
                                                            0
  120 000000E2 9E 80           DCW              -32610      ; 49 0x809e -0.9951
                                                            8
  121 000000E4 76 82           DCW              -32138      ; 50 0x8276 -0.9807
                                                            7



ARM Macro Assembler    Page 5 


  122 000000E6 83 85           DCW              -31357      ; 51 0x8583 -0.9569
                                                            4
  123 000000E8 BE 89           DCW              -30274      ; 52 0x89be -0.9238
                                                            9
  124 000000EA 1D 8F           DCW              -28899      ; 53 0x8f1d -0.8819
                                                            3
  125 000000EC 92 95           DCW              -27246      ; 54 0x9592 -0.8314
                                                            8
  126 000000EE 0E 9D           DCW              -25330      ; 55 0x9d0e -0.7730
                                                            1
  127 000000F0 7E A5           DCW              -23170      ; 56 0xa57e -0.7070
                                                            9
  128 000000F2 CC AE           DCW              -20788      ; 57 0xaecc -0.6344
                                                            0
  129 000000F4 E3 B8           DCW              -18205      ; 58 0xb8e3 -0.5555
                                                            7
  130 000000F6 A9 C3           DCW              -15447      ; 59 0xc3a9 -0.4714
                                                            1
  131 000000F8 04 CF           DCW              -12540      ; 60 0xcf04 -0.3826
                                                            9
  132 000000FA D8 DA           DCW              -9512       ; 61 0xdad8 -0.2902
                                                            8
  133 000000FC 07 E7           DCW              -6393       ; 62 0xe707 -0.1951
                                                            0
  134 000000FE 74 F3           DCW              -3212       ; 63 0xf374 -0.0980
                                                            2
  135 00000100         
  136 00000100                 END
Command Line: --debug --xref --cpu=Cortex-M3 --apcs=interwork --depend=.\Trigo.
d -o.\Trigo.o -IC:\Keil\ARM\RV31\INC -IC:\Keil\ARM\CMSIS\Include -IC:\Keil\ARM\
Inc\ST\STM32F10x --predefine="__EVAL SETA 1" --predefine="__MICROLIB SETA 1" --
list=.\Trigo.lst ..\..\Trigo.asm



ARM Macro Assembler    Page 1 Alphabetic symbol ordering
Relocatable symbols

TabCos 00000000

Symbol: TabCos
   Definitions
      At line 5 in file ..\..\Trigo.asm
   Uses
      At line 3 in file ..\..\Trigo.asm
Comment: TabCos used once
TabSin 00000080

Symbol: TabSin
   Definitions
      At line 70 in file ..\..\Trigo.asm
   Uses
      At line 2 in file ..\..\Trigo.asm
Comment: TabSin used once
Trigo 00000000

Symbol: Trigo
   Definitions
      At line 1 in file ..\..\Trigo.asm
   Uses
      None
Comment: Trigo unused
3 symbols
335 symbols in table
